## Command: % conda env create --file ztm_tensorflow_cert_pre.yml
## Just a bit before: 1700610291_2023-11-21T164451-0700
## Output follows
Channels:
 - defaults
Platform: win-64
Collecting package metadata (repodata.json): done
Solving environment: done

Downloading and Extracting Packages:

Preparing transaction: done
Verifying transaction: done
Executing transaction: /

    Windows 64-bit packages of scikit-learn can be accelerated using scikit-learn-intelex.
    More details are available here: https://intel.github.io/scikit-learn-intelex

    For example:

        $ conda install scikit-learn-intelex
        $ python -m sklearnex my_application.py


done
Installing pip dependencies: - Ran pip subprocess with arguments:
['C:\\Users\\Anast\\.conda\\envs\\ztm_tensorflow_cert_pre\\python.exe', '-m', 'pip', 'install', '-U', '-r', 'c:\\David\\my_repos_dwb\\solid-rotary-phone\\condaenv.x2e0gff_.requirements.txt', '--exists-action=b']
Pip subprocess output:
Collecting jupyter==1.0.0 (from -r c:\David\my_repos_dwb\solid-rotary-phone\condaenv.x2e0gff_.requirements.txt (line 1))
  Using cached jupyter-1.0.0-py2.py3-none-any.whl (2.7 kB)
Requirement already satisfied: scipy==1.11.3 in c:\users\anast\.conda\envs\ztm_tensorflow_cert_pre\lib\site-packages (from -r c:\David\my_repos_dwb\solid-rotary-phone\condaenv.x2e0gff_.requirements.txt (line 2)) (1.11.3)
Collecting tensorflow==2.14.0 (from -r c:\David\my_repos_dwb\solid-rotary-phone\condaenv.x2e0gff_.requirements.txt (line 3))
  Using cached tensorflow-2.14.0-cp310-cp310-win_amd64.whl.metadata (3.3 kB)
Collecting tensorboard==2.14.1 (from -r c:\David\my_repos_dwb\solid-rotary-phone\condaenv.x2e0gff_.requirements.txt (line 4))
  Using cached tensorboard-2.14.1-py3-none-any.whl.metadata (1.7 kB)
Collecting gym==0.26.2 (from -r c:\David\my_repos_dwb\solid-rotary-phone\condaenv.x2e0gff_.requirements.txt (line 5))
  Using cached gym-0.26.2-py3-none-any.whl
Collecting opencv-python==4.8.1.78 (from -r c:\David\my_repos_dwb\solid-rotary-phone\condaenv.x2e0gff_.requirements.txt (line 6))
  Using cached opencv_python-4.8.1.78-cp37-abi3-win_amd64.whl.metadata (20 kB)
Collecting notebook (from jupyter==1.0.0->-r c:\David\my_repos_dwb\solid-rotary-phone\condaenv.x2e0gff_.requirements.txt (line 1))
  Using cached notebook-7.0.6-py3-none-any.whl.metadata (10 kB)
Collecting qtconsole (from jupyter==1.0.0->-r c:\David\my_repos_dwb\solid-rotary-phone\condaenv.x2e0gff_.requirements.txt (line 1))
  Downloading qtconsole-5.5.1-py3-none-any.whl.metadata (5.1 kB)
Collecting jupyter-console (from jupyter==1.0.0->-r c:\David\my_repos_dwb\solid-rotary-phone\condaenv.x2e0gff_.requirements.txt (line 1))
  Using cached jupyter_console-6.6.3-py3-none-any.whl (24 kB)
Collecting nbconvert (from jupyter==1.0.0->-r c:\David\my_repos_dwb\solid-rotary-phone\condaenv.x2e0gff_.requirements.txt (line 1))
  Using cached nbconvert-7.11.0-py3-none-any.whl.metadata (7.7 kB)
Collecting ipykernel (from jupyter==1.0.0->-r c:\David\my_repos_dwb\solid-rotary-phone\condaenv.x2e0gff_.requirements.txt (line 1))
  Downloading ipykernel-6.27.0-py3-none-any.whl.metadata (6.3 kB)
Collecting ipywidgets (from jupyter==1.0.0->-r c:\David\my_repos_dwb\solid-rotary-phone\condaenv.x2e0gff_.requirements.txt (line 1))
  Using cached ipywidgets-8.1.1-py3-none-any.whl.metadata (2.4 kB)
Requirement already satisfied: numpy<1.28.0,>=1.21.6 in c:\users\anast\.conda\envs\ztm_tensorflow_cert_pre\lib\site-packages (from scipy==1.11.3->-r c:\David\my_repos_dwb\solid-rotary-phone\condaenv.x2e0gff_.requirements.txt (line 2)) (1.26.0)
Collecting tensorflow-intel==2.14.0 (from tensorflow==2.14.0->-r c:\David\my_repos_dwb\solid-rotary-phone\condaenv.x2e0gff_.requirements.txt (line 3))
  Using cached tensorflow_intel-2.14.0-cp310-cp310-win_amd64.whl.metadata (4.8 kB)
Collecting absl-py>=0.4 (from tensorboard==2.14.1->-r c:\David\my_repos_dwb\solid-rotary-phone\condaenv.x2e0gff_.requirements.txt (line 4))
  Using cached absl_py-2.0.0-py3-none-any.whl.metadata (2.3 kB)
Collecting grpcio>=1.48.2 (from tensorboard==2.14.1->-r c:\David\my_repos_dwb\solid-rotary-phone\condaenv.x2e0gff_.requirements.txt (line 4))
  Downloading grpcio-1.59.3-cp310-cp310-win_amd64.whl.metadata (4.2 kB)
Collecting google-auth<3,>=1.6.3 (from tensorboard==2.14.1->-r c:\David\my_repos_dwb\solid-rotary-phone\condaenv.x2e0gff_.requirements.txt (line 4))
  Using cached google_auth-2.23.4-py2.py3-none-any.whl.metadata (4.7 kB)
Collecting google-auth-oauthlib<1.1,>=0.5 (from tensorboard==2.14.1->-r c:\David\my_repos_dwb\solid-rotary-phone\condaenv.x2e0gff_.requirements.txt (line 4))
  Using cached google_auth_oauthlib-1.0.0-py2.py3-none-any.whl (18 kB)
Collecting markdown>=2.6.8 (from tensorboard==2.14.1->-r c:\David\my_repos_dwb\solid-rotary-phone\condaenv.x2e0gff_.requirements.txt (line 4))
  Using cached Markdown-3.5.1-py3-none-any.whl.metadata (7.1 kB)
Collecting protobuf>=3.19.6 (from tensorboard==2.14.1->-r c:\David\my_repos_dwb\solid-rotary-phone\condaenv.x2e0gff_.requirements.txt (line 4))
  Downloading protobuf-4.25.1-cp310-abi3-win_amd64.whl.metadata (541 bytes)
Collecting requests<3,>=2.21.0 (from tensorboard==2.14.1->-r c:\David\my_repos_dwb\solid-rotary-phone\condaenv.x2e0gff_.requirements.txt (line 4))
  Using cached requests-2.31.0-py3-none-any.whl.metadata (4.6 kB)
Requirement already satisfied: setuptools>=41.0.0 in c:\users\anast\.conda\envs\ztm_tensorflow_cert_pre\lib\site-packages (from tensorboard==2.14.1->-r c:\David\my_repos_dwb\solid-rotary-phone\condaenv.x2e0gff_.requirements.txt (line 4)) (68.0.0)
Requirement already satisfied: six>1.9 in c:\users\anast\.conda\envs\ztm_tensorflow_cert_pre\lib\site-packages (from tensorboard==2.14.1->-r c:\David\my_repos_dwb\solid-rotary-phone\condaenv.x2e0gff_.requirements.txt (line 4)) (1.16.0)
Collecting tensorboard-data-server<0.8.0,>=0.7.0 (from tensorboard==2.14.1->-r c:\David\my_repos_dwb\solid-rotary-phone\condaenv.x2e0gff_.requirements.txt (line 4))
  Using cached tensorboard_data_server-0.7.2-py3-none-any.whl.metadata (1.1 kB)
Collecting werkzeug>=1.0.1 (from tensorboard==2.14.1->-r c:\David\my_repos_dwb\solid-rotary-phone\condaenv.x2e0gff_.requirements.txt (line 4))
  Using cached werkzeug-3.0.1-py3-none-any.whl.metadata (4.1 kB)
Collecting cloudpickle>=1.2.0 (from gym==0.26.2->-r c:\David\my_repos_dwb\solid-rotary-phone\condaenv.x2e0gff_.requirements.txt (line 5))
  Using cached cloudpickle-3.0.0-py3-none-any.whl.metadata (7.0 kB)
Collecting gym-notices>=0.0.4 (from gym==0.26.2->-r c:\David\my_repos_dwb\solid-rotary-phone\condaenv.x2e0gff_.requirements.txt (line 5))
  Using cached gym_notices-0.0.8-py3-none-any.whl (3.0 kB)
Collecting astunparse>=1.6.0 (from tensorflow-intel==2.14.0->tensorflow==2.14.0->-r c:\David\my_repos_dwb\solid-rotary-phone\condaenv.x2e0gff_.requirements.txt (line 3))
  Using cached astunparse-1.6.3-py2.py3-none-any.whl (12 kB)
Collecting flatbuffers>=23.5.26 (from tensorflow-intel==2.14.0->tensorflow==2.14.0->-r c:\David\my_repos_dwb\solid-rotary-phone\condaenv.x2e0gff_.requirements.txt (line 3))
  Using cached flatbuffers-23.5.26-py2.py3-none-any.whl.metadata (850 bytes)
Collecting gast!=0.5.0,!=0.5.1,!=0.5.2,>=0.2.1 (from tensorflow-intel==2.14.0->tensorflow==2.14.0->-r c:\David\my_repos_dwb\solid-rotary-phone\condaenv.x2e0gff_.requirements.txt (line 3))
  Using cached gast-0.5.4-py3-none-any.whl (19 kB)
Collecting google-pasta>=0.1.1 (from tensorflow-intel==2.14.0->tensorflow==2.14.0->-r c:\David\my_repos_dwb\solid-rotary-phone\condaenv.x2e0gff_.requirements.txt (line 3))
  Using cached google_pasta-0.2.0-py3-none-any.whl (57 kB)
Collecting h5py>=2.9.0 (from tensorflow-intel==2.14.0->tensorflow==2.14.0->-r c:\David\my_repos_dwb\solid-rotary-phone\condaenv.x2e0gff_.requirements.txt (line 3))
  Using cached h5py-3.10.0-cp310-cp310-win_amd64.whl.metadata (2.5 kB)
Collecting libclang>=13.0.0 (from tensorflow-intel==2.14.0->tensorflow==2.14.0->-r c:\David\my_repos_dwb\solid-rotary-phone\condaenv.x2e0gff_.requirements.txt (line 3))
  Using cached libclang-16.0.6-py2.py3-none-win_amd64.whl.metadata (5.3 kB)
Collecting ml-dtypes==0.2.0 (from tensorflow-intel==2.14.0->tensorflow==2.14.0->-r c:\David\my_repos_dwb\solid-rotary-phone\condaenv.x2e0gff_.requirements.txt (line 3))
  Using cached ml_dtypes-0.2.0-cp310-cp310-win_amd64.whl.metadata (20 kB)
Collecting opt-einsum>=2.3.2 (from tensorflow-intel==2.14.0->tensorflow==2.14.0->-r c:\David\my_repos_dwb\solid-rotary-phone\condaenv.x2e0gff_.requirements.txt (line 3))
  Using cached opt_einsum-3.3.0-py3-none-any.whl (65 kB)
Requirement already satisfied: packaging in c:\users\anast\.conda\envs\ztm_tensorflow_cert_pre\lib\site-packages (from tensorflow-intel==2.14.0->tensorflow==2.14.0->-r c:\David\my_repos_dwb\solid-rotary-phone\condaenv.x2e0gff_.requirements.txt (line 3)) (23.1)
Collecting termcolor>=1.1.0 (from tensorflow-intel==2.14.0->tensorflow==2.14.0->-r c:\David\my_repos_dwb\solid-rotary-phone\condaenv.x2e0gff_.requirements.txt (line 3))
  Using cached termcolor-2.3.0-py3-none-any.whl (6.9 kB)
Collecting typing-extensions>=3.6.6 (from tensorflow-intel==2.14.0->tensorflow==2.14.0->-r c:\David\my_repos_dwb\solid-rotary-phone\condaenv.x2e0gff_.requirements.txt (line 3))
  Using cached typing_extensions-4.8.0-py3-none-any.whl.metadata (3.0 kB)
Collecting wrapt<1.15,>=1.11.0 (from tensorflow-intel==2.14.0->tensorflow==2.14.0->-r c:\David\my_repos_dwb\solid-rotary-phone\condaenv.x2e0gff_.requirements.txt (line 3))
  Using cached wrapt-1.14.1-cp310-cp310-win_amd64.whl (35 kB)
Collecting tensorflow-io-gcs-filesystem>=0.23.1 (from tensorflow-intel==2.14.0->tensorflow==2.14.0->-r c:\David\my_repos_dwb\solid-rotary-phone\condaenv.x2e0gff_.requirements.txt (line 3))
  Using cached tensorflow_io_gcs_filesystem-0.31.0-cp310-cp310-win_amd64.whl (1.5 MB)
Collecting tensorflow-estimator<2.15,>=2.14.0 (from tensorflow-intel==2.14.0->tensorflow==2.14.0->-r c:\David\my_repos_dwb\solid-rotary-phone\condaenv.x2e0gff_.requirements.txt (line 3))
  Using cached tensorflow_estimator-2.14.0-py2.py3-none-any.whl.metadata (1.3 kB)
Collecting keras<2.15,>=2.14.0 (from tensorflow-intel==2.14.0->tensorflow==2.14.0->-r c:\David\my_repos_dwb\solid-rotary-phone\condaenv.x2e0gff_.requirements.txt (line 3))
  Using cached keras-2.14.0-py3-none-any.whl.metadata (2.4 kB)
Collecting cachetools<6.0,>=2.0.0 (from google-auth<3,>=1.6.3->tensorboard==2.14.1->-r c:\David\my_repos_dwb\solid-rotary-phone\condaenv.x2e0gff_.requirements.txt (line 4))
  Using cached cachetools-5.3.2-py3-none-any.whl.metadata (5.2 kB)
Collecting pyasn1-modules>=0.2.1 (from google-auth<3,>=1.6.3->tensorboard==2.14.1->-r c:\David\my_repos_dwb\solid-rotary-phone\condaenv.x2e0gff_.requirements.txt (line 4))
  Using cached pyasn1_modules-0.3.0-py2.py3-none-any.whl (181 kB)
Collecting rsa<5,>=3.1.4 (from google-auth<3,>=1.6.3->tensorboard==2.14.1->-r c:\David\my_repos_dwb\solid-rotary-phone\condaenv.x2e0gff_.requirements.txt (line 4))
  Using cached rsa-4.9-py3-none-any.whl (34 kB)
Collecting requests-oauthlib>=0.7.0 (from google-auth-oauthlib<1.1,>=0.5->tensorboard==2.14.1->-r c:\David\my_repos_dwb\solid-rotary-phone\condaenv.x2e0gff_.requirements.txt (line 4))
  Using cached requests_oauthlib-1.3.1-py2.py3-none-any.whl (23 kB)
Collecting charset-normalizer<4,>=2 (from requests<3,>=2.21.0->tensorboard==2.14.1->-r c:\David\my_repos_dwb\solid-rotary-phone\condaenv.x2e0gff_.requirements.txt (line 4))
  Using cached charset_normalizer-3.3.2-cp310-cp310-win_amd64.whl.metadata (34 kB)
Collecting idna<4,>=2.5 (from requests<3,>=2.21.0->tensorboard==2.14.1->-r c:\David\my_repos_dwb\solid-rotary-phone\condaenv.x2e0gff_.requirements.txt (line 4))
  Using cached idna-3.4-py3-none-any.whl (61 kB)
Collecting urllib3<3,>=1.21.1 (from requests<3,>=2.21.0->tensorboard==2.14.1->-r c:\David\my_repos_dwb\solid-rotary-phone\condaenv.x2e0gff_.requirements.txt (line 4))
  Downloading urllib3-2.1.0-py3-none-any.whl.metadata (6.4 kB)
Collecting certifi>=2017.4.17 (from requests<3,>=2.21.0->tensorboard==2.14.1->-r c:\David\my_repos_dwb\solid-rotary-phone\condaenv.x2e0gff_.requirements.txt (line 4))
  Downloading certifi-2023.11.17-py3-none-any.whl.metadata (2.2 kB)
Collecting MarkupSafe>=2.1.1 (from werkzeug>=1.0.1->tensorboard==2.14.1->-r c:\David\my_repos_dwb\solid-rotary-phone\condaenv.x2e0gff_.requirements.txt (line 4))
  Using cached MarkupSafe-2.1.3-cp310-cp310-win_amd64.whl.metadata (3.1 kB)
Collecting comm>=0.1.1 (from ipykernel->jupyter==1.0.0->-r c:\David\my_repos_dwb\solid-rotary-phone\condaenv.x2e0gff_.requirements.txt (line 1))
  Using cached comm-0.2.0-py3-none-any.whl.metadata (3.7 kB)
Collecting debugpy>=1.6.5 (from ipykernel->jupyter==1.0.0->-r c:\David\my_repos_dwb\solid-rotary-phone\condaenv.x2e0gff_.requirements.txt (line 1))
  Using cached debugpy-1.8.0-cp310-cp310-win_amd64.whl.metadata (1.1 kB)
Collecting ipython>=7.23.1 (from ipykernel->jupyter==1.0.0->-r c:\David\my_repos_dwb\solid-rotary-phone\condaenv.x2e0gff_.requirements.txt (line 1))
  Using cached ipython-8.17.2-py3-none-any.whl.metadata (6.0 kB)
Collecting jupyter-client>=6.1.12 (from ipykernel->jupyter==1.0.0->-r c:\David\my_repos_dwb\solid-rotary-phone\condaenv.x2e0gff_.requirements.txt (line 1))
  Using cached jupyter_client-8.6.0-py3-none-any.whl.metadata (8.3 kB)
Collecting jupyter-core!=5.0.*,>=4.12 (from ipykernel->jupyter==1.0.0->-r c:\David\my_repos_dwb\solid-rotary-phone\condaenv.x2e0gff_.requirements.txt (line 1))
  Using cached jupyter_core-5.5.0-py3-none-any.whl.metadata (3.4 kB)
Collecting matplotlib-inline>=0.1 (from ipykernel->jupyter==1.0.0->-r c:\David\my_repos_dwb\solid-rotary-phone\condaenv.x2e0gff_.requirements.txt (line 1))
  Using cached matplotlib_inline-0.1.6-py3-none-any.whl (9.4 kB)
Collecting nest-asyncio (from ipykernel->jupyter==1.0.0->-r c:\David\my_repos_dwb\solid-rotary-phone\condaenv.x2e0gff_.requirements.txt (line 1))
  Using cached nest_asyncio-1.5.8-py3-none-any.whl.metadata (2.8 kB)
Collecting psutil (from ipykernel->jupyter==1.0.0->-r c:\David\my_repos_dwb\solid-rotary-phone\condaenv.x2e0gff_.requirements.txt (line 1))
  Using cached psutil-5.9.6-cp37-abi3-win_amd64.whl.metadata (22 kB)
Collecting pyzmq>=20 (from ipykernel->jupyter==1.0.0->-r c:\David\my_repos_dwb\solid-rotary-phone\condaenv.x2e0gff_.requirements.txt (line 1))
  Using cached pyzmq-25.1.1-cp310-cp310-win_amd64.whl.metadata (5.1 kB)
Requirement already satisfied: tornado>=6.1 in c:\users\anast\.conda\envs\ztm_tensorflow_cert_pre\lib\site-packages (from ipykernel->jupyter==1.0.0->-r c:\David\my_repos_dwb\solid-rotary-phone\condaenv.x2e0gff_.requirements.txt (line 1)) (6.3.3)
Collecting traitlets>=5.4.0 (from ipykernel->jupyter==1.0.0->-r c:\David\my_repos_dwb\solid-rotary-phone\condaenv.x2e0gff_.requirements.txt (line 1))
  Using cached traitlets-5.13.0-py3-none-any.whl.metadata (10 kB)
Collecting widgetsnbextension~=4.0.9 (from ipywidgets->jupyter==1.0.0->-r c:\David\my_repos_dwb\solid-rotary-phone\condaenv.x2e0gff_.requirements.txt (line 1))
  Using cached widgetsnbextension-4.0.9-py3-none-any.whl.metadata (1.6 kB)
Collecting jupyterlab-widgets~=3.0.9 (from ipywidgets->jupyter==1.0.0->-r c:\David\my_repos_dwb\solid-rotary-phone\condaenv.x2e0gff_.requirements.txt (line 1))
  Using cached jupyterlab_widgets-3.0.9-py3-none-any.whl.metadata (4.1 kB)
Collecting prompt-toolkit>=3.0.30 (from jupyter-console->jupyter==1.0.0->-r c:\David\my_repos_dwb\solid-rotary-phone\condaenv.x2e0gff_.requirements.txt (line 1))
  Downloading prompt_toolkit-3.0.41-py3-none-any.whl.metadata (6.5 kB)
Collecting pygments (from jupyter-console->jupyter==1.0.0->-r c:\David\my_repos_dwb\solid-rotary-phone\condaenv.x2e0gff_.requirements.txt (line 1))
  Downloading pygments-2.17.2-py3-none-any.whl.metadata (2.6 kB)
Requirement already satisfied: beautifulsoup4 in c:\users\anast\.conda\envs\ztm_tensorflow_cert_pre\lib\site-packages (from nbconvert->jupyter==1.0.0->-r c:\David\my_repos_dwb\solid-rotary-phone\condaenv.x2e0gff_.requirements.txt (line 1)) (4.12.2)
Collecting bleach!=5.0.0 (from nbconvert->jupyter==1.0.0->-r c:\David\my_repos_dwb\solid-rotary-phone\condaenv.x2e0gff_.requirements.txt (line 1))
  Using cached bleach-6.1.0-py3-none-any.whl.metadata (30 kB)
Collecting defusedxml (from nbconvert->jupyter==1.0.0->-r c:\David\my_repos_dwb\solid-rotary-phone\condaenv.x2e0gff_.requirements.txt (line 1))
  Using cached defusedxml-0.7.1-py2.py3-none-any.whl (25 kB)
Collecting jinja2>=3.0 (from nbconvert->jupyter==1.0.0->-r c:\David\my_repos_dwb\solid-rotary-phone\condaenv.x2e0gff_.requirements.txt (line 1))
  Using cached Jinja2-3.1.2-py3-none-any.whl (133 kB)
Collecting jupyterlab-pygments (from nbconvert->jupyter==1.0.0->-r c:\David\my_repos_dwb\solid-rotary-phone\condaenv.x2e0gff_.requirements.txt (line 1))
  Using cached jupyterlab_pygments-0.2.2-py2.py3-none-any.whl (21 kB)
Collecting mistune<4,>=2.0.3 (from nbconvert->jupyter==1.0.0->-r c:\David\my_repos_dwb\solid-rotary-phone\condaenv.x2e0gff_.requirements.txt (line 1))
  Using cached mistune-3.0.2-py3-none-any.whl.metadata (1.7 kB)
Collecting nbclient>=0.5.0 (from nbconvert->jupyter==1.0.0->-r c:\David\my_repos_dwb\solid-rotary-phone\condaenv.x2e0gff_.requirements.txt (line 1))
  Using cached nbclient-0.9.0-py3-none-any.whl.metadata (7.8 kB)
Collecting nbformat>=5.7 (from nbconvert->jupyter==1.0.0->-r c:\David\my_repos_dwb\solid-rotary-phone\condaenv.x2e0gff_.requirements.txt (line 1))
  Using cached nbformat-5.9.2-py3-none-any.whl.metadata (3.4 kB)
Collecting pandocfilters>=1.4.1 (from nbconvert->jupyter==1.0.0->-r c:\David\my_repos_dwb\solid-rotary-phone\condaenv.x2e0gff_.requirements.txt (line 1))
  Using cached pandocfilters-1.5.0-py2.py3-none-any.whl (8.7 kB)
Collecting tinycss2 (from nbconvert->jupyter==1.0.0->-r c:\David\my_repos_dwb\solid-rotary-phone\condaenv.x2e0gff_.requirements.txt (line 1))
  Using cached tinycss2-1.2.1-py3-none-any.whl (21 kB)
Collecting jupyter-server<3,>=2.4.0 (from notebook->jupyter==1.0.0->-r c:\David\my_repos_dwb\solid-rotary-phone\condaenv.x2e0gff_.requirements.txt (line 1))
  Downloading jupyter_server-2.11.0-py3-none-any.whl.metadata (8.4 kB)
Collecting jupyterlab-server<3,>=2.22.1 (from notebook->jupyter==1.0.0->-r c:\David\my_repos_dwb\solid-rotary-phone\condaenv.x2e0gff_.requirements.txt (line 1))
  Downloading jupyterlab_server-2.25.2-py3-none-any.whl.metadata (5.9 kB)
Collecting jupyterlab<5,>=4.0.2 (from notebook->jupyter==1.0.0->-r c:\David\my_repos_dwb\solid-rotary-phone\condaenv.x2e0gff_.requirements.txt (line 1))
  Downloading jupyterlab-4.0.9-py3-none-any.whl.metadata (15 kB)
Collecting notebook-shim<0.3,>=0.2 (from notebook->jupyter==1.0.0->-r c:\David\my_repos_dwb\solid-rotary-phone\condaenv.x2e0gff_.requirements.txt (line 1))
  Using cached notebook_shim-0.2.3-py3-none-any.whl (13 kB)
Collecting qtpy>=2.4.0 (from qtconsole->jupyter==1.0.0->-r c:\David\my_repos_dwb\solid-rotary-phone\condaenv.x2e0gff_.requirements.txt (line 1))
  Using cached QtPy-2.4.1-py3-none-any.whl.metadata (12 kB)
Requirement already satisfied: wheel<1.0,>=0.23.0 in c:\users\anast\.conda\envs\ztm_tensorflow_cert_pre\lib\site-packages (from astunparse>=1.6.0->tensorflow-intel==2.14.0->tensorflow==2.14.0->-r c:\David\my_repos_dwb\solid-rotary-phone\condaenv.x2e0gff_.requirements.txt (line 3)) (0.41.2)
Collecting webencodings (from bleach!=5.0.0->nbconvert->jupyter==1.0.0->-r c:\David\my_repos_dwb\solid-rotary-phone\condaenv.x2e0gff_.requirements.txt (line 1))
  Using cached webencodings-0.5.1-py2.py3-none-any.whl (11 kB)
Collecting decorator (from ipython>=7.23.1->ipykernel->jupyter==1.0.0->-r c:\David\my_repos_dwb\solid-rotary-phone\condaenv.x2e0gff_.requirements.txt (line 1))
  Using cached decorator-5.1.1-py3-none-any.whl (9.1 kB)
Collecting jedi>=0.16 (from ipython>=7.23.1->ipykernel->jupyter==1.0.0->-r c:\David\my_repos_dwb\solid-rotary-phone\condaenv.x2e0gff_.requirements.txt (line 1))
  Using cached jedi-0.19.1-py2.py3-none-any.whl.metadata (22 kB)
Collecting stack-data (from ipython>=7.23.1->ipykernel->jupyter==1.0.0->-r c:\David\my_repos_dwb\solid-rotary-phone\condaenv.x2e0gff_.requirements.txt (line 1))
  Using cached stack_data-0.6.3-py3-none-any.whl.metadata (18 kB)
Collecting exceptiongroup (from ipython>=7.23.1->ipykernel->jupyter==1.0.0->-r c:\David\my_repos_dwb\solid-rotary-phone\condaenv.x2e0gff_.requirements.txt (line 1))
  Downloading exceptiongroup-1.2.0-py3-none-any.whl.metadata (6.6 kB)
Collecting colorama (from ipython>=7.23.1->ipykernel->jupyter==1.0.0->-r c:\David\my_repos_dwb\solid-rotary-phone\condaenv.x2e0gff_.requirements.txt (line 1))
  Using cached colorama-0.4.6-py2.py3-none-any.whl (25 kB)
Requirement already satisfied: python-dateutil>=2.8.2 in c:\users\anast\.conda\envs\ztm_tensorflow_cert_pre\lib\site-packages (from jupyter-client>=6.1.12->ipykernel->jupyter==1.0.0->-r c:\David\my_repos_dwb\solid-rotary-phone\condaenv.x2e0gff_.requirements.txt (line 1)) (2.8.2)
Collecting platformdirs>=2.5 (from jupyter-core!=5.0.*,>=4.12->ipykernel->jupyter==1.0.0->-r c:\David\my_repos_dwb\solid-rotary-phone\condaenv.x2e0gff_.requirements.txt (line 1))
  Downloading platformdirs-4.0.0-py3-none-any.whl.metadata (11 kB)
Collecting pywin32>=300 (from jupyter-core!=5.0.*,>=4.12->ipykernel->jupyter==1.0.0->-r c:\David\my_repos_dwb\solid-rotary-phone\condaenv.x2e0gff_.requirements.txt (line 1))
  Using cached pywin32-306-cp310-cp310-win_amd64.whl (9.2 MB)
Collecting anyio>=3.1.0 (from jupyter-server<3,>=2.4.0->notebook->jupyter==1.0.0->-r c:\David\my_repos_dwb\solid-rotary-phone\condaenv.x2e0gff_.requirements.txt (line 1))
  Using cached anyio-4.0.0-py3-none-any.whl.metadata (4.5 kB)
Collecting argon2-cffi (from jupyter-server<3,>=2.4.0->notebook->jupyter==1.0.0->-r c:\David\my_repos_dwb\solid-rotary-phone\condaenv.x2e0gff_.requirements.txt (line 1))
  Using cached argon2_cffi-23.1.0-py3-none-any.whl.metadata (5.2 kB)
Collecting jupyter-events>=0.9.0 (from jupyter-server<3,>=2.4.0->notebook->jupyter==1.0.0->-r c:\David\my_repos_dwb\solid-rotary-phone\condaenv.x2e0gff_.requirements.txt (line 1))
  Using cached jupyter_events-0.9.0-py3-none-any.whl.metadata (5.7 kB)
Collecting jupyter-server-terminals (from jupyter-server<3,>=2.4.0->notebook->jupyter==1.0.0->-r c:\David\my_repos_dwb\solid-rotary-phone\condaenv.x2e0gff_.requirements.txt (line 1))
  Using cached jupyter_server_terminals-0.4.4-py3-none-any.whl (13 kB)
Collecting overrides (from jupyter-server<3,>=2.4.0->notebook->jupyter==1.0.0->-r c:\David\my_repos_dwb\solid-rotary-phone\condaenv.x2e0gff_.requirements.txt (line 1))
  Using cached overrides-7.4.0-py3-none-any.whl.metadata (5.7 kB)
Collecting prometheus-client (from jupyter-server<3,>=2.4.0->notebook->jupyter==1.0.0->-r c:\David\my_repos_dwb\solid-rotary-phone\condaenv.x2e0gff_.requirements.txt (line 1))
  Downloading prometheus_client-0.19.0-py3-none-any.whl.metadata (1.8 kB)
Collecting pywinpty (from jupyter-server<3,>=2.4.0->notebook->jupyter==1.0.0->-r c:\David\my_repos_dwb\solid-rotary-phone\condaenv.x2e0gff_.requirements.txt (line 1))
  Using cached pywinpty-2.0.12-cp310-none-win_amd64.whl.metadata (5.2 kB)
Collecting send2trash>=1.8.2 (from jupyter-server<3,>=2.4.0->notebook->jupyter==1.0.0->-r c:\David\my_repos_dwb\solid-rotary-phone\condaenv.x2e0gff_.requirements.txt (line 1))
  Using cached Send2Trash-1.8.2-py3-none-any.whl (18 kB)
Collecting terminado>=0.8.3 (from jupyter-server<3,>=2.4.0->notebook->jupyter==1.0.0->-r c:\David\my_repos_dwb\solid-rotary-phone\condaenv.x2e0gff_.requirements.txt (line 1))
  Downloading terminado-0.18.0-py3-none-any.whl.metadata (5.8 kB)
Collecting websocket-client (from jupyter-server<3,>=2.4.0->notebook->jupyter==1.0.0->-r c:\David\my_repos_dwb\solid-rotary-phone\condaenv.x2e0gff_.requirements.txt (line 1))
  Using cached websocket_client-1.6.4-py3-none-any.whl.metadata (7.7 kB)
Collecting async-lru>=1.0.0 (from jupyterlab<5,>=4.0.2->notebook->jupyter==1.0.0->-r c:\David\my_repos_dwb\solid-rotary-phone\condaenv.x2e0gff_.requirements.txt (line 1))
  Using cached async_lru-2.0.4-py3-none-any.whl.metadata (4.5 kB)
Collecting jupyter-lsp>=2.0.0 (from jupyterlab<5,>=4.0.2->notebook->jupyter==1.0.0->-r c:\David\my_repos_dwb\solid-rotary-phone\condaenv.x2e0gff_.requirements.txt (line 1))
  Using cached jupyter_lsp-2.2.0-py3-none-any.whl.metadata (1.8 kB)
Requirement already satisfied: tomli in c:\users\anast\.conda\envs\ztm_tensorflow_cert_pre\lib\site-packages (from jupyterlab<5,>=4.0.2->notebook->jupyter==1.0.0->-r c:\David\my_repos_dwb\solid-rotary-phone\condaenv.x2e0gff_.requirements.txt (line 1)) (2.0.1)
Collecting babel>=2.10 (from jupyterlab-server<3,>=2.22.1->notebook->jupyter==1.0.0->-r c:\David\my_repos_dwb\solid-rotary-phone\condaenv.x2e0gff_.requirements.txt (line 1))
  Using cached Babel-2.13.1-py3-none-any.whl.metadata (1.6 kB)
Collecting json5>=0.9.0 (from jupyterlab-server<3,>=2.22.1->notebook->jupyter==1.0.0->-r c:\David\my_repos_dwb\solid-rotary-phone\condaenv.x2e0gff_.requirements.txt (line 1))
  Using cached json5-0.9.14-py2.py3-none-any.whl.metadata (10 kB)
Collecting jsonschema>=4.18.0 (from jupyterlab-server<3,>=2.22.1->notebook->jupyter==1.0.0->-r c:\David\my_repos_dwb\solid-rotary-phone\condaenv.x2e0gff_.requirements.txt (line 1))
  Downloading jsonschema-4.20.0-py3-none-any.whl.metadata (8.1 kB)
Collecting fastjsonschema (from nbformat>=5.7->nbconvert->jupyter==1.0.0->-r c:\David\my_repos_dwb\solid-rotary-phone\condaenv.x2e0gff_.requirements.txt (line 1))
  Downloading fastjsonschema-2.19.0-py3-none-any.whl.metadata (2.0 kB)
Collecting wcwidth (from prompt-toolkit>=3.0.30->jupyter-console->jupyter==1.0.0->-r c:\David\my_repos_dwb\solid-rotary-phone\condaenv.x2e0gff_.requirements.txt (line 1))
  Downloading wcwidth-0.2.12-py2.py3-none-any.whl.metadata (14 kB)
Collecting pyasn1<0.6.0,>=0.4.6 (from pyasn1-modules>=0.2.1->google-auth<3,>=1.6.3->tensorboard==2.14.1->-r c:\David\my_repos_dwb\solid-rotary-phone\condaenv.x2e0gff_.requirements.txt (line 4))
  Downloading pyasn1-0.5.1-py2.py3-none-any.whl.metadata (8.6 kB)
Collecting oauthlib>=3.0.0 (from requests-oauthlib>=0.7.0->google-auth-oauthlib<1.1,>=0.5->tensorboard==2.14.1->-r c:\David\my_repos_dwb\solid-rotary-phone\condaenv.x2e0gff_.requirements.txt (line 4))
  Using cached oauthlib-3.2.2-py3-none-any.whl (151 kB)
Requirement already satisfied: soupsieve>1.2 in c:\users\anast\.conda\envs\ztm_tensorflow_cert_pre\lib\site-packages (from beautifulsoup4->nbconvert->jupyter==1.0.0->-r c:\David\my_repos_dwb\solid-rotary-phone\condaenv.x2e0gff_.requirements.txt (line 1)) (2.5)
Collecting sniffio>=1.1 (from anyio>=3.1.0->jupyter-server<3,>=2.4.0->notebook->jupyter==1.0.0->-r c:\David\my_repos_dwb\solid-rotary-phone\condaenv.x2e0gff_.requirements.txt (line 1))
  Using cached sniffio-1.3.0-py3-none-any.whl (10 kB)
Collecting parso<0.9.0,>=0.8.3 (from jedi>=0.16->ipython>=7.23.1->ipykernel->jupyter==1.0.0->-r c:\David\my_repos_dwb\solid-rotary-phone\condaenv.x2e0gff_.requirements.txt (line 1))
  Using cached parso-0.8.3-py2.py3-none-any.whl (100 kB)
Collecting attrs>=22.2.0 (from jsonschema>=4.18.0->jupyterlab-server<3,>=2.22.1->notebook->jupyter==1.0.0->-r c:\David\my_repos_dwb\solid-rotary-phone\condaenv.x2e0gff_.requirements.txt (line 1))
  Using cached attrs-23.1.0-py3-none-any.whl (61 kB)
Collecting jsonschema-specifications>=2023.03.6 (from jsonschema>=4.18.0->jupyterlab-server<3,>=2.22.1->notebook->jupyter==1.0.0->-r c:\David\my_repos_dwb\solid-rotary-phone\condaenv.x2e0gff_.requirements.txt (line 1))
  Downloading jsonschema_specifications-2023.11.1-py3-none-any.whl.metadata (2.8 kB)
Collecting referencing>=0.28.4 (from jsonschema>=4.18.0->jupyterlab-server<3,>=2.22.1->notebook->jupyter==1.0.0->-r c:\David\my_repos_dwb\solid-rotary-phone\condaenv.x2e0gff_.requirements.txt (line 1))
  Downloading referencing-0.31.0-py3-none-any.whl.metadata (2.6 kB)
Collecting rpds-py>=0.7.1 (from jsonschema>=4.18.0->jupyterlab-server<3,>=2.22.1->notebook->jupyter==1.0.0->-r c:\David\my_repos_dwb\solid-rotary-phone\condaenv.x2e0gff_.requirements.txt (line 1))
  Downloading rpds_py-0.13.1-cp310-none-win_amd64.whl.metadata (3.8 kB)
Collecting python-json-logger>=2.0.4 (from jupyter-events>=0.9.0->jupyter-server<3,>=2.4.0->notebook->jupyter==1.0.0->-r c:\David\my_repos_dwb\solid-rotary-phone\condaenv.x2e0gff_.requirements.txt (line 1))
  Using cached python_json_logger-2.0.7-py3-none-any.whl (8.1 kB)
Collecting pyyaml>=5.3 (from jupyter-events>=0.9.0->jupyter-server<3,>=2.4.0->notebook->jupyter==1.0.0->-r c:\David\my_repos_dwb\solid-rotary-phone\condaenv.x2e0gff_.requirements.txt (line 1))
  Using cached PyYAML-6.0.1-cp310-cp310-win_amd64.whl.metadata (2.1 kB)
Collecting rfc3339-validator (from jupyter-events>=0.9.0->jupyter-server<3,>=2.4.0->notebook->jupyter==1.0.0->-r c:\David\my_repos_dwb\solid-rotary-phone\condaenv.x2e0gff_.requirements.txt (line 1))
  Using cached rfc3339_validator-0.1.4-py2.py3-none-any.whl (3.5 kB)
Collecting rfc3986-validator>=0.1.1 (from jupyter-events>=0.9.0->jupyter-server<3,>=2.4.0->notebook->jupyter==1.0.0->-r c:\David\my_repos_dwb\solid-rotary-phone\condaenv.x2e0gff_.requirements.txt (line 1))
  Using cached rfc3986_validator-0.1.1-py2.py3-none-any.whl (4.2 kB)
Collecting argon2-cffi-bindings (from argon2-cffi->jupyter-server<3,>=2.4.0->notebook->jupyter==1.0.0->-r c:\David\my_repos_dwb\solid-rotary-phone\condaenv.x2e0gff_.requirements.txt (line 1))
  Using cached argon2_cffi_bindings-21.2.0-cp36-abi3-win_amd64.whl (30 kB)
Collecting executing>=1.2.0 (from stack-data->ipython>=7.23.1->ipykernel->jupyter==1.0.0->-r c:\David\my_repos_dwb\solid-rotary-phone\condaenv.x2e0gff_.requirements.txt (line 1))
  Using cached executing-2.0.1-py2.py3-none-any.whl.metadata (9.0 kB)
Collecting asttokens>=2.1.0 (from stack-data->ipython>=7.23.1->ipykernel->jupyter==1.0.0->-r c:\David\my_repos_dwb\solid-rotary-phone\condaenv.x2e0gff_.requirements.txt (line 1))
  Using cached asttokens-2.4.1-py2.py3-none-any.whl.metadata (5.2 kB)
Collecting pure-eval (from stack-data->ipython>=7.23.1->ipykernel->jupyter==1.0.0->-r c:\David\my_repos_dwb\solid-rotary-phone\condaenv.x2e0gff_.requirements.txt (line 1))
  Using cached pure_eval-0.2.2-py3-none-any.whl (11 kB)
Collecting fqdn (from jsonschema[format-nongpl]>=4.18.0->jupyter-events>=0.9.0->jupyter-server<3,>=2.4.0->notebook->jupyter==1.0.0->-r c:\David\my_repos_dwb\solid-rotary-phone\condaenv.x2e0gff_.requirements.txt (line 1))
  Using cached fqdn-1.5.1-py3-none-any.whl (9.1 kB)
Collecting isoduration (from jsonschema[format-nongpl]>=4.18.0->jupyter-events>=0.9.0->jupyter-server<3,>=2.4.0->notebook->jupyter==1.0.0->-r c:\David\my_repos_dwb\solid-rotary-phone\condaenv.x2e0gff_.requirements.txt (line 1))
  Using cached isoduration-20.11.0-py3-none-any.whl (11 kB)
Collecting jsonpointer>1.13 (from jsonschema[format-nongpl]>=4.18.0->jupyter-events>=0.9.0->jupyter-server<3,>=2.4.0->notebook->jupyter==1.0.0->-r c:\David\my_repos_dwb\solid-rotary-phone\condaenv.x2e0gff_.requirements.txt (line 1))
  Using cached jsonpointer-2.4-py2.py3-none-any.whl.metadata (2.5 kB)
Collecting uri-template (from jsonschema[format-nongpl]>=4.18.0->jupyter-events>=0.9.0->jupyter-server<3,>=2.4.0->notebook->jupyter==1.0.0->-r c:\David\my_repos_dwb\solid-rotary-phone\condaenv.x2e0gff_.requirements.txt (line 1))
  Using cached uri_template-1.3.0-py3-none-any.whl.metadata (8.8 kB)
Collecting webcolors>=1.11 (from jsonschema[format-nongpl]>=4.18.0->jupyter-events>=0.9.0->jupyter-server<3,>=2.4.0->notebook->jupyter==1.0.0->-r c:\David\my_repos_dwb\solid-rotary-phone\condaenv.x2e0gff_.requirements.txt (line 1))
  Using cached webcolors-1.13-py3-none-any.whl (14 kB)
Collecting cffi>=1.0.1 (from argon2-cffi-bindings->argon2-cffi->jupyter-server<3,>=2.4.0->notebook->jupyter==1.0.0->-r c:\David\my_repos_dwb\solid-rotary-phone\condaenv.x2e0gff_.requirements.txt (line 1))
  Using cached cffi-1.16.0-cp310-cp310-win_amd64.whl.metadata (1.5 kB)
Collecting pycparser (from cffi>=1.0.1->argon2-cffi-bindings->argon2-cffi->jupyter-server<3,>=2.4.0->notebook->jupyter==1.0.0->-r c:\David\my_repos_dwb\solid-rotary-phone\condaenv.x2e0gff_.requirements.txt (line 1))
  Using cached pycparser-2.21-py2.py3-none-any.whl (118 kB)
Collecting arrow>=0.15.0 (from isoduration->jsonschema[format-nongpl]>=4.18.0->jupyter-events>=0.9.0->jupyter-server<3,>=2.4.0->notebook->jupyter==1.0.0->-r c:\David\my_repos_dwb\solid-rotary-phone\condaenv.x2e0gff_.requirements.txt (line 1))
  Using cached arrow-1.3.0-py3-none-any.whl.metadata (7.5 kB)
Collecting types-python-dateutil>=2.8.10 (from arrow>=0.15.0->isoduration->jsonschema[format-nongpl]>=4.18.0->jupyter-events>=0.9.0->jupyter-server<3,>=2.4.0->notebook->jupyter==1.0.0->-r c:\David\my_repos_dwb\solid-rotary-phone\condaenv.x2e0gff_.requirements.txt (line 1))
  Using cached types_python_dateutil-2.8.19.14-py3-none-any.whl.metadata (1.6 kB)
Using cached tensorflow-2.14.0-cp310-cp310-win_amd64.whl (2.1 kB)
Using cached tensorboard-2.14.1-py3-none-any.whl (5.5 MB)
Using cached opencv_python-4.8.1.78-cp37-abi3-win_amd64.whl (38.1 MB)
Using cached tensorflow_intel-2.14.0-cp310-cp310-win_amd64.whl (284.1 MB)
Using cached ml_dtypes-0.2.0-cp310-cp310-win_amd64.whl (938 kB)
Using cached absl_py-2.0.0-py3-none-any.whl (130 kB)
Using cached cloudpickle-3.0.0-py3-none-any.whl (20 kB)
Using cached google_auth-2.23.4-py2.py3-none-any.whl (183 kB)
Downloading grpcio-1.59.3-cp310-cp310-win_amd64.whl (3.7 MB)
   ---------------------------------------- 3.7/3.7 MB 3.1 MB/s eta 0:00:00
Using cached Markdown-3.5.1-py3-none-any.whl (102 kB)
Downloading protobuf-4.25.1-cp310-abi3-win_amd64.whl (413 kB)
   -------------------------------------- 413.4/413.4 kB 660.9 kB/s eta 0:00:00
Using cached requests-2.31.0-py3-none-any.whl (62 kB)
Using cached tensorboard_data_server-0.7.2-py3-none-any.whl (2.4 kB)
Using cached werkzeug-3.0.1-py3-none-any.whl (226 kB)
Downloading ipykernel-6.27.0-py3-none-any.whl (114 kB)
   -------------------------------------- 114.6/114.6 kB 446.0 kB/s eta 0:00:00
Using cached ipywidgets-8.1.1-py3-none-any.whl (139 kB)
Using cached nbconvert-7.11.0-py3-none-any.whl (256 kB)
Using cached notebook-7.0.6-py3-none-any.whl (4.0 MB)
Downloading qtconsole-5.5.1-py3-none-any.whl (123 kB)
   -------------------------------------- 123.4/123.4 kB 361.5 kB/s eta 0:00:00
Using cached bleach-6.1.0-py3-none-any.whl (162 kB)
Using cached cachetools-5.3.2-py3-none-any.whl (9.3 kB)
Downloading certifi-2023.11.17-py3-none-any.whl (162 kB)
   -------------------------------------- 162.5/162.5 kB 572.5 kB/s eta 0:00:00
Using cached charset_normalizer-3.3.2-cp310-cp310-win_amd64.whl (100 kB)
Using cached comm-0.2.0-py3-none-any.whl (7.0 kB)
Using cached debugpy-1.8.0-cp310-cp310-win_amd64.whl (5.0 MB)
Using cached flatbuffers-23.5.26-py2.py3-none-any.whl (26 kB)
Using cached h5py-3.10.0-cp310-cp310-win_amd64.whl (2.7 MB)
Using cached ipython-8.17.2-py3-none-any.whl (808 kB)
Using cached jupyter_client-8.6.0-py3-none-any.whl (105 kB)
Using cached jupyter_core-5.5.0-py3-none-any.whl (28 kB)
Downloading jupyter_server-2.11.0-py3-none-any.whl (379 kB)
   ---------------------------------------- 379.0/379.0 kB 1.5 MB/s eta 0:00:00
Downloading jupyterlab-4.0.9-py3-none-any.whl (9.2 MB)
   ---------------------------------------- 9.2/9.2 MB 7.5 MB/s eta 0:00:00
Downloading jupyterlab_server-2.25.2-py3-none-any.whl (58 kB)
   ---------------------------------------- 58.9/58.9 kB 207.1 kB/s eta 0:00:00
Using cached jupyterlab_widgets-3.0.9-py3-none-any.whl (214 kB)
Using cached keras-2.14.0-py3-none-any.whl (1.7 MB)
Using cached libclang-16.0.6-py2.py3-none-win_amd64.whl (24.4 MB)
Using cached MarkupSafe-2.1.3-cp310-cp310-win_amd64.whl (17 kB)
Using cached mistune-3.0.2-py3-none-any.whl (47 kB)
Using cached nbclient-0.9.0-py3-none-any.whl (24 kB)
Using cached nbformat-5.9.2-py3-none-any.whl (77 kB)
Downloading prompt_toolkit-3.0.41-py3-none-any.whl (385 kB)
   ---------------------------------------- 385.5/385.5 kB 1.4 MB/s eta 0:00:00
Downloading pygments-2.17.2-py3-none-any.whl (1.2 MB)
   ---------------------------------------- 1.2/1.2 MB 2.9 MB/s eta 0:00:00
Using cached pyzmq-25.1.1-cp310-cp310-win_amd64.whl (1.2 MB)
Using cached QtPy-2.4.1-py3-none-any.whl (93 kB)
Using cached tensorflow_estimator-2.14.0-py2.py3-none-any.whl (440 kB)
Using cached traitlets-5.13.0-py3-none-any.whl (84 kB)
Using cached typing_extensions-4.8.0-py3-none-any.whl (31 kB)
Downloading urllib3-2.1.0-py3-none-any.whl (104 kB)
   ---------------------------------------- 104.6/104.6 kB 1.2 MB/s eta 0:00:00
Using cached widgetsnbextension-4.0.9-py3-none-any.whl (2.3 MB)
Using cached nest_asyncio-1.5.8-py3-none-any.whl (5.3 kB)
Using cached psutil-5.9.6-cp37-abi3-win_amd64.whl (252 kB)
Using cached anyio-4.0.0-py3-none-any.whl (83 kB)
Using cached async_lru-2.0.4-py3-none-any.whl (6.1 kB)
Using cached Babel-2.13.1-py3-none-any.whl (10.1 MB)
Downloading exceptiongroup-1.2.0-py3-none-any.whl (16 kB)
Using cached jedi-0.19.1-py2.py3-none-any.whl (1.6 MB)
Using cached json5-0.9.14-py2.py3-none-any.whl (19 kB)
Downloading jsonschema-4.20.0-py3-none-any.whl (84 kB)
   ---------------------------------------- 84.7/84.7 kB 297.7 kB/s eta 0:00:00
Using cached jupyter_events-0.9.0-py3-none-any.whl (18 kB)
Using cached jupyter_lsp-2.2.0-py3-none-any.whl (65 kB)
Downloading platformdirs-4.0.0-py3-none-any.whl (17 kB)
Downloading pyasn1-0.5.1-py2.py3-none-any.whl (84 kB)
   ---------------------------------------- 84.9/84.9 kB 1.2 MB/s eta 0:00:00
Downloading terminado-0.18.0-py3-none-any.whl (14 kB)
Using cached pywinpty-2.0.12-cp310-none-win_amd64.whl (1.4 MB)
Using cached argon2_cffi-23.1.0-py3-none-any.whl (15 kB)
Downloading fastjsonschema-2.19.0-py3-none-any.whl (23 kB)
Using cached overrides-7.4.0-py3-none-any.whl (17 kB)
Downloading prometheus_client-0.19.0-py3-none-any.whl (54 kB)
   ---------------------------------------- 54.2/54.2 kB 698.2 kB/s eta 0:00:00
Using cached stack_data-0.6.3-py3-none-any.whl (24 kB)
Downloading wcwidth-0.2.12-py2.py3-none-any.whl (34 kB)
Using cached websocket_client-1.6.4-py3-none-any.whl (57 kB)
Using cached asttokens-2.4.1-py2.py3-none-any.whl (27 kB)
Using cached executing-2.0.1-py2.py3-none-any.whl (24 kB)
Downloading jsonschema_specifications-2023.11.1-py3-none-any.whl (17 kB)
Using cached PyYAML-6.0.1-cp310-cp310-win_amd64.whl (145 kB)
Downloading referencing-0.31.0-py3-none-any.whl (25 kB)
Downloading rpds_py-0.13.1-cp310-none-win_amd64.whl (188 kB)
   ---------------------------------------- 188.8/188.8 kB 2.3 MB/s eta 0:00:00
Using cached cffi-1.16.0-cp310-cp310-win_amd64.whl (181 kB)
Using cached jsonpointer-2.4-py2.py3-none-any.whl (7.8 kB)
Using cached uri_template-1.3.0-py3-none-any.whl (11 kB)
Using cached arrow-1.3.0-py3-none-any.whl (66 kB)
Using cached types_python_dateutil-2.8.19.14-py3-none-any.whl (9.4 kB)
Installing collected packages: webencodings, wcwidth, types-python-dateutil, pywin32, pure-eval, libclang, json5, gym-notices, flatbuffers, fastjsonschema, wrapt, widgetsnbextension, websocket-client, webcolors, urllib3, uri-template, typing-extensions, traitlets, tinycss2, termcolor, tensorflow-io-gcs-filesystem, tensorflow-estimator, tensorboard-data-server, sniffio, send2trash, rpds-py, rfc3986-validator, rfc3339-validator, qtpy, pyzmq, pyyaml, pywinpty, python-json-logger, pygments, pycparser, pyasn1, psutil, protobuf, prompt-toolkit, prometheus-client, platformdirs, parso, pandocfilters, overrides, opt-einsum, opencv-python, oauthlib, nest-asyncio, ml-dtypes, mistune, MarkupSafe, markdown, keras, jupyterlab-widgets, jupyterlab-pygments, jsonpointer, idna, h5py, grpcio, google-pasta, gast, fqdn, executing, exceptiongroup, defusedxml, decorator, debugpy, colorama, cloudpickle, charset-normalizer, certifi, cachetools, bleach, babel, attrs, astunparse, asttokens, absl-py, werkzeug, terminado, stack-data, rsa, requests, referencing, pyasn1-modules, matplotlib-inline, jupyter-core, jinja2, jedi, gym, comm, cffi, async-lru, arrow, anyio, requests-oauthlib, jupyter-server-terminals, jupyter-client, jsonschema-specifications, isoduration, ipython, google-auth, argon2-cffi-bindings, jsonschema, ipywidgets, ipykernel, google-auth-oauthlib, argon2-cffi, tensorboard, qtconsole, nbformat, jupyter-console, tensorflow-intel, nbclient, jupyter-events, tensorflow, nbconvert, jupyter-server, notebook-shim, jupyterlab-server, jupyter-lsp, jupyterlab, notebook, jupyter
Successfully installed MarkupSafe-2.1.3 absl-py-2.0.0 anyio-4.0.0 argon2-cffi-23.1.0 argon2-cffi-bindings-21.2.0 arrow-1.3.0 asttokens-2.4.1 astunparse-1.6.3 async-lru-2.0.4 attrs-23.1.0 babel-2.13.1 bleach-6.1.0 cachetools-5.3.2 certifi-2023.11.17 cffi-1.16.0 charset-normalizer-3.3.2 cloudpickle-3.0.0 colorama-0.4.6 comm-0.2.0 debugpy-1.8.0 decorator-5.1.1 defusedxml-0.7.1 exceptiongroup-1.2.0 executing-2.0.1 fastjsonschema-2.19.0 flatbuffers-23.5.26 fqdn-1.5.1 gast-0.5.4 google-auth-2.23.4 google-auth-oauthlib-1.0.0 google-pasta-0.2.0 grpcio-1.59.3 gym-0.26.2 gym-notices-0.0.8 h5py-3.10.0 idna-3.4 ipykernel-6.27.0 ipython-8.17.2 ipywidgets-8.1.1 isoduration-20.11.0 jedi-0.19.1 jinja2-3.1.2 json5-0.9.14 jsonpointer-2.4 jsonschema-4.20.0 jsonschema-specifications-2023.11.1 jupyter-1.0.0 jupyter-client-8.6.0 jupyter-console-6.6.3 jupyter-core-5.5.0 jupyter-events-0.9.0 jupyter-lsp-2.2.0 jupyter-server-2.11.0 jupyter-server-terminals-0.4.4 jupyterlab-4.0.9 jupyterlab-pygments-0.2.2 jupyterlab-server-2.25.2 jupyterlab-widgets-3.0.9 keras-2.14.0 libclang-16.0.6 markdown-3.5.1 matplotlib-inline-0.1.6 mistune-3.0.2 ml-dtypes-0.2.0 nbclient-0.9.0 nbconvert-7.11.0 nbformat-5.9.2 nest-asyncio-1.5.8 notebook-7.0.6 notebook-shim-0.2.3 oauthlib-3.2.2 opencv-python-4.8.1.78 opt-einsum-3.3.0 overrides-7.4.0 pandocfilters-1.5.0 parso-0.8.3 platformdirs-4.0.0 prometheus-client-0.19.0 prompt-toolkit-3.0.41 protobuf-4.25.1 psutil-5.9.6 pure-eval-0.2.2 pyasn1-0.5.1 pyasn1-modules-0.3.0 pycparser-2.21 pygments-2.17.2 python-json-logger-2.0.7 pywin32-306 pywinpty-2.0.12 pyyaml-6.0.1 pyzmq-25.1.1 qtconsole-5.5.1 qtpy-2.4.1 referencing-0.31.0 requests-2.31.0 requests-oauthlib-1.3.1 rfc3339-validator-0.1.4 rfc3986-validator-0.1.1 rpds-py-0.13.1 rsa-4.9 send2trash-1.8.2 sniffio-1.3.0 stack-data-0.6.3 tensorboard-2.14.1 tensorboard-data-server-0.7.2 tensorflow-2.14.0 tensorflow-estimator-2.14.0 tensorflow-intel-2.14.0 tensorflow-io-gcs-filesystem-0.31.0 termcolor-2.3.0 terminado-0.18.0 tinycss2-1.2.1 traitlets-5.13.0 types-python-dateutil-2.8.19.14 typing-extensions-4.8.0 uri-template-1.3.0 urllib3-2.1.0 wcwidth-0.2.12 webcolors-1.13 webencodings-0.5.1 websocket-client-1.6.4 werkzeug-3.0.1 widgetsnbextension-4.0.9 wrapt-1.14.1

done
#
# To activate this environment, use
#
#     $ conda activate ztm_tensorflow_cert_pre
#
# To deactivate an active environment, use
#
#     $ conda deactivate

